0 silly argv {
0 silly argv   _: [ 'publish' ],
0 silly argv   forcePublish: true,
0 silly argv   'force-publish': true,
0 silly argv   composed: 'publish',
0 silly argv   lernaVersion: '3.20.2',
0 silly argv   '$0': '/usr/local/bin/lerna'
0 silly argv }
1 notice cli v3.20.2
2 verbose rootPath /Users/james/Code/graphql-codegen-hasura
3 verbose session 54d12534b3d3772c
4 verbose user-agent lerna/3.20.2/node@v13.6.0+x64 (darwin)
5 info publish rooted leaf detected, skipping synthetic root lifecycles
6 silly argv {
6 silly argv   _: [ 'publish' ],
6 silly argv   forcePublish: true,
6 silly argv   'force-publish': true,
6 silly argv   composed: 'publish',
6 silly argv   lernaVersion: '3.20.2'
6 silly argv }
7 verbose rootPath /Users/james/Code/graphql-codegen-hasura
8 info current version 3.3.2-alpha.0
9 silly isAnythingCommitted
10 verbose isAnythingCommitted 1
11 silly currentBranch
12 verbose currentBranch master
13 silly remoteBranchExists
14 silly isBehindUpstream
15 silly isBehindUpstream master is behind origin/master by 0 commit(s) and ahead by 4
16 silly hasTags
17 verbose hasTags true
18 silly git-describe.sync "v3.3.2-alpha.0-5-gacae16e" => {"lastTagName":"v3.3.2-alpha.0","lastVersion":"v3.3.2-alpha.0","refCount":"5","sha":"acae16e","isDirty":false}
19 warn force-publish all packages
20 info Assuming all packages changed
21 verbose updated graphql-codegen-hasura
22 verbose updated demo
23 verbose updated graphql-codegen-hasura-client-config
24 verbose updated graphql-codegen-hasura-core
25 verbose updated graphql-codegen-hasura-gql
26 verbose updated graphql-codegen-hasura-react
27 verbose updated graphql-codegen-hasura-shared
28 verbose updated graphql-codegen-hasura-typescript
29 info execute Skipping releases
30 silly lifecycle No script for "preversion" in "graphql-codegen-hasura", continuing
31 silly lifecycle No script for "preversion" in "graphql-codegen-hasura-core", continuing
32 silly lifecycle No script for "preversion" in "graphql-codegen-hasura-shared", continuing
33 silly lifecycle No script for "version" in "graphql-codegen-hasura", continuing
34 silly lifecycle No script for "version" in "graphql-codegen-hasura-core", continuing
35 silly lifecycle No script for "version" in "graphql-codegen-hasura-shared", continuing
36 silly lifecycle No script for "preversion" in "graphql-codegen-hasura-client-config", continuing
37 silly lifecycle No script for "preversion" in "graphql-codegen-hasura-gql", continuing
38 silly lifecycle No script for "preversion" in "graphql-codegen-hasura-react", continuing
39 silly lifecycle No script for "preversion" in "graphql-codegen-hasura-typescript", continuing
40 silly lifecycle No script for "version" in "graphql-codegen-hasura-react", continuing
41 silly lifecycle No script for "version" in "graphql-codegen-hasura-client-config", continuing
42 silly lifecycle No script for "version" in "graphql-codegen-hasura-typescript", continuing
43 silly lifecycle No script for "version" in "graphql-codegen-hasura-gql", continuing
44 silly lifecycle No script for "preversion" in "demo", continuing
45 silly lifecycle No script for "version" in "demo", continuing
46 silly gitAdd [
46 silly gitAdd   '/Users/james/Code/graphql-codegen-hasura/package.json',
46 silly gitAdd   '/Users/james/Code/graphql-codegen-hasura/package-lock.json',
46 silly gitAdd   '/Users/james/Code/graphql-codegen-hasura/packages/graphql-codegen-hasura-core/package.json',
46 silly gitAdd   '/Users/james/Code/graphql-codegen-hasura/packages/graphql-codegen-hasura-core/package-lock.json',
46 silly gitAdd   '/Users/james/Code/graphql-codegen-hasura/packages/graphql-codegen-hasura-shared/package.json',
46 silly gitAdd   '/Users/james/Code/graphql-codegen-hasura/packages/graphql-codegen-hasura-shared/package-lock.json',
46 silly gitAdd   '/Users/james/Code/graphql-codegen-hasura/packages/graphql-codegen-hasura-react/package.json',
46 silly gitAdd   '/Users/james/Code/graphql-codegen-hasura/packages/graphql-codegen-hasura-react/package-lock.json',
46 silly gitAdd   '/Users/james/Code/graphql-codegen-hasura/packages/graphql-codegen-hasura-client-config/package.json',
46 silly gitAdd   '/Users/james/Code/graphql-codegen-hasura/packages/graphql-codegen-hasura-client-config/package-lock.json',
46 silly gitAdd   '/Users/james/Code/graphql-codegen-hasura/packages/graphql-codegen-hasura-typescript/package.json',
46 silly gitAdd   '/Users/james/Code/graphql-codegen-hasura/packages/graphql-codegen-hasura-typescript/package-lock.json',
46 silly gitAdd   '/Users/james/Code/graphql-codegen-hasura/packages/graphql-codegen-hasura-gql/package.json',
46 silly gitAdd   '/Users/james/Code/graphql-codegen-hasura/packages/graphql-codegen-hasura-gql/package-lock.json',
46 silly gitAdd   '/Users/james/Code/graphql-codegen-hasura/demo/package.json',
46 silly gitAdd   '/Users/james/Code/graphql-codegen-hasura/demo/package-lock.json',
46 silly gitAdd   '/Users/james/Code/graphql-codegen-hasura/lerna.json'
46 silly gitAdd ]
47 silly gitCommit v3.3.3-alpha.0
48 verbose git [ 'commit', '-m', 'v3.3.3-alpha.0' ]
49 silly gitTag v3.3.3-alpha.0
50 verbose git [ 'tag', 'v3.3.3-alpha.0', '-m', 'v3.3.3-alpha.0' ]
51 silly lifecycle No script for "postversion" in "graphql-codegen-hasura", continuing
52 silly lifecycle No script for "postversion" in "demo", continuing
53 silly lifecycle No script for "postversion" in "graphql-codegen-hasura-client-config", continuing
54 silly lifecycle No script for "postversion" in "graphql-codegen-hasura-core", continuing
55 silly lifecycle No script for "postversion" in "graphql-codegen-hasura-gql", continuing
56 silly lifecycle No script for "postversion" in "graphql-codegen-hasura-react", continuing
57 silly lifecycle No script for "postversion" in "graphql-codegen-hasura-shared", continuing
58 silly lifecycle No script for "postversion" in "graphql-codegen-hasura-typescript", continuing
59 info git Pushing tags...
60 silly gitPush origin master
61 info publish Publishing packages to npm...
62 info Verifying npm credentials
63 verbose Retrieving npm user profile
64 http fetch GET 200 https://registry.npmjs.org/-/npm/v1/user 825ms
65 silly npm profile get received {"tfa":false,"name":"ahrnee","email":"ahrndee@gmail.com","email_verified":true,"created":"2018-10-30T21:33:22.767Z","updated":"2018-10-30T21:33:22.765Z","cidr_whitelist":null,"fullname":"James Shallard"}
66 silly get npm username received {"username":"ahrnee","tfa":false,"name":"ahrnee","email":"ahrndee@gmail.com","email_verified":true,"created":"2018-10-30T21:33:22.767Z","updated":"2018-10-30T21:33:22.765Z","cidr_whitelist":null,"fullname":"James Shallard"}
67 silly verifyNpmPackageAccess
68 http fetch GET 200 https://registry.npmjs.org/-/org/ahrnee/package?format=cli 219ms
69 info Checking two-factor auth mode
70 verbose Retrieving npm user profile
71 http fetch GET 200 https://registry.npmjs.org/-/npm/v1/user 214ms
72 silly npm profile get received {"tfa":false,"name":"ahrnee","email":"ahrndee@gmail.com","email_verified":true,"created":"2018-10-30T21:33:22.767Z","updated":"2018-10-30T21:33:22.765Z","cidr_whitelist":null,"fullname":"James Shallard"}
73 silly 2FA false
74 silly getCurrentSHA
75 verbose getCurrentSHA 3a039cd7887b37c6a273cc8a7ae78b636bb56af2
76 verbose pack-directory ../packages/graphql-codegen-hasura-client-config/dist/src
77 verbose pack-directory ../packages/graphql-codegen-hasura-core/dist/src
78 verbose pack-directory ../packages/graphql-codegen-hasura-gql/dist/src
79 verbose pack-directory ../packages/graphql-codegen-hasura-react/dist/src
80 verbose pack-directory ../packages/graphql-codegen-hasura-shared/dist/src
81 verbose pack-directory ../packages/graphql-codegen-hasura-typescript/dist/src
82 silly lifecycle No script for "prepublish" in "graphql-codegen-hasura-client-config", continuing
83 silly lifecycle No script for "prepublish" in "graphql-codegen-hasura-core", continuing
84 silly lifecycle No script for "prepublish" in "graphql-codegen-hasura-gql", continuing
85 silly lifecycle No script for "prepublish" in "graphql-codegen-hasura-react", continuing
86 silly lifecycle No script for "prepublish" in "graphql-codegen-hasura-shared", continuing
87 silly lifecycle No script for "prepublish" in "graphql-codegen-hasura-typescript", continuing
88 silly lifecycle No script for "prepare" in "graphql-codegen-hasura-client-config", continuing
89 silly lifecycle No script for "prepare" in "graphql-codegen-hasura-core", continuing
90 silly lifecycle No script for "prepare" in "graphql-codegen-hasura-gql", continuing
91 silly lifecycle No script for "prepare" in "graphql-codegen-hasura-react", continuing
92 silly lifecycle No script for "prepare" in "graphql-codegen-hasura-shared", continuing
93 silly lifecycle No script for "prepare" in "graphql-codegen-hasura-typescript", continuing
94 silly lifecycle No script for "prepublishOnly" in "graphql-codegen-hasura-client-config", continuing
95 silly lifecycle "prepublishOnly" starting in "graphql-codegen-hasura-core"
96 info lifecycle graphql-codegen-hasura-core@3.3.3-alpha.0~prepublishOnly: graphql-codegen-hasura-core@3.3.3-alpha.0
97 silly lifecycle No script for "prepublishOnly" in "graphql-codegen-hasura-gql", continuing
98 silly lifecycle No script for "prepublishOnly" in "graphql-codegen-hasura-react", continuing
99 silly lifecycle No script for "prepublishOnly" in "graphql-codegen-hasura-typescript", continuing
100 silly lifecycle "prepublishOnly" starting in "graphql-codegen-hasura-shared"
101 info lifecycle graphql-codegen-hasura-shared@3.3.3-alpha.0~prepublishOnly: graphql-codegen-hasura-shared@3.3.3-alpha.0
102 verbose lifecycle graphql-codegen-hasura-core@3.3.3-alpha.0~prepublishOnly: unsafe-perm in lifecycle true
103 verbose lifecycle graphql-codegen-hasura-core@3.3.3-alpha.0~prepublishOnly: PATH: /Users/james/Code/graphql-codegen-hasura/node_modules/npm-lifecycle/node-gyp-bin:/Users/james/Code/graphql-codegen-hasura/packages/graphql-codegen-hasura-core/node_modules/.bin:/usr/local/bin:/usr/bin:/bin:/usr/sbin:/sbin
104 verbose lifecycle graphql-codegen-hasura-core@3.3.3-alpha.0~prepublishOnly: CWD: /Users/james/Code/graphql-codegen-hasura/packages/graphql-codegen-hasura-core
105 silly lifecycle graphql-codegen-hasura-core@3.3.3-alpha.0~prepublishOnly: Args: [
105 silly lifecycle   '-c',
105 silly lifecycle   'rm -r dist/src/ && mkdir -p dist/src/ && cp package.json dist/src/'
105 silly lifecycle ]
106 silly lifecycle No script for "prepack" in "graphql-codegen-hasura-client-config", continuing
107 silly lifecycle No script for "prepack" in "graphql-codegen-hasura-react", continuing
108 silly lifecycle No script for "prepack" in "graphql-codegen-hasura-typescript", continuing
109 silly lifecycle No script for "prepack" in "graphql-codegen-hasura-gql", continuing
110 silly lifecycle graphql-codegen-hasura-core@3.3.3-alpha.0~prepublishOnly: Returned: code: 0  signal: null
111 verbose lifecycle graphql-codegen-hasura-shared@3.3.3-alpha.0~prepublishOnly: unsafe-perm in lifecycle true
112 verbose lifecycle graphql-codegen-hasura-shared@3.3.3-alpha.0~prepublishOnly: PATH: /Users/james/Code/graphql-codegen-hasura/node_modules/npm-lifecycle/node-gyp-bin:/Users/james/Code/graphql-codegen-hasura/packages/graphql-codegen-hasura-shared/node_modules/.bin:/usr/local/bin:/usr/bin:/bin:/usr/sbin:/sbin
113 verbose lifecycle graphql-codegen-hasura-shared@3.3.3-alpha.0~prepublishOnly: CWD: /Users/james/Code/graphql-codegen-hasura/packages/graphql-codegen-hasura-shared
114 silly lifecycle graphql-codegen-hasura-shared@3.3.3-alpha.0~prepublishOnly: Args: [
114 silly lifecycle   '-c',
114 silly lifecycle   'rm -r dist/src/ && mkdir -p dist/src/ && cp package.json dist/src/'
114 silly lifecycle ]
115 silly lifecycle "prepublishOnly" finished in "graphql-codegen-hasura-core"
116 silly lifecycle No script for "prepack" in "graphql-codegen-hasura-core", continuing
117 silly lifecycle graphql-codegen-hasura-shared@3.3.3-alpha.0~prepublishOnly: Returned: code: 0  signal: null
118 silly lifecycle "prepublishOnly" finished in "graphql-codegen-hasura-shared"
119 silly lifecycle No script for "postpack" in "graphql-codegen-hasura-typescript", continuing
120 verbose packed packages/graphql-codegen-hasura-typescript/dist/src
121 silly lifecycle No script for "postpack" in "graphql-codegen-hasura-client-config", continuing
122 verbose packed packages/graphql-codegen-hasura-client-config/dist/src
123 silly lifecycle No script for "prepack" in "graphql-codegen-hasura-shared", continuing
124 silly lifecycle No script for "postpack" in "graphql-codegen-hasura-react", continuing
125 verbose packed packages/graphql-codegen-hasura-react/dist/src
126 silly lifecycle No script for "postpack" in "graphql-codegen-hasura-gql", continuing
127 verbose packed packages/graphql-codegen-hasura-gql/dist/src
128 silly lifecycle No script for "postpack" in "graphql-codegen-hasura-core", continuing
129 verbose packed packages/graphql-codegen-hasura-core/dist/src
130 silly lifecycle No script for "postpack" in "graphql-codegen-hasura-shared", continuing
131 verbose packed packages/graphql-codegen-hasura-shared/dist/src
132 verbose publish graphql-codegen-hasura-client-config
133 verbose publish graphql-codegen-hasura-core
134 verbose publish graphql-codegen-hasura-gql
135 verbose publish graphql-codegen-hasura-react
136 verbose publish graphql-codegen-hasura-shared
137 verbose publish graphql-codegen-hasura-typescript
138 error
